<?xml version="1.0" encoding="UTF-8"?>
<coverage generated="1720604450557" clover="3.2.0">
  <project timestamp="1720604450557" name="All files">
    <metrics statements="3" coveredstatements="3" conditionals="162" coveredconditionals="6" methods="53" coveredmethods="2" elements="218" coveredelements="11" complexity="0" loc="3" ncloc="3" packages="1" files="4" classes="4"/>
    <file name="array.js" path="/Users/jingshuang1/Desktop/panjingshuang/自己练习/pjs-utils/bin/array.js">
      <metrics statements="1" coveredstatements="1" conditionals="2" coveredconditionals="2" methods="2" coveredmethods="1"/>
      <line num="1" count="2" type="cond" truecount="2" falsecount="0"/>
    </file>
    <file name="index.js" path="/Users/jingshuang1/Desktop/panjingshuang/自己练习/pjs-utils/bin/index.js">
      <metrics statements="0" coveredstatements="0" conditionals="0" coveredconditionals="0" methods="0" coveredmethods="0"/>
    </file>
    <file name="object.js" path="/Users/jingshuang1/Desktop/panjingshuang/自己练习/pjs-utils/bin/object.js">
      <metrics statements="1" coveredstatements="1" conditionals="4" coveredconditionals="0" methods="3" coveredmethods="1"/>
      <line num="1" count="2" type="cond" truecount="0" falsecount="4"/>
    </file>
    <file name="other.js" path="/Users/jingshuang1/Desktop/panjingshuang/自己练习/pjs-utils/bin/other.js">
      <metrics statements="1" coveredstatements="1" conditionals="156" coveredconditionals="4" methods="48" coveredmethods="0"/>
      <line num="1" count="2" type="cond" truecount="4" falsecount="152"/>
    </file>
  </project>
</coverage>
