{"/Users/jingshuang1/Desktop/panjingshuang/自己练习/pjs-utils/bin/array.js": {"path":"/Users/jingshuang1/Desktop/panjingshuang/自己练习/pjs-utils/bin/array.js","statementMap":{"0":{"start":{"line":1,"column":8},"end":{"line":1,"column":51}},"1":{"start":{"line":1,"column":16},"end":{"line":1,"column":50}},"2":{"start":{"line":1,"column":31},"end":{"line":1,"column":50}},"3":{"start":{"line":1,"column":39},"end":{"line":1,"column":50}},"4":{"start":{"line":1,"column":68},"end":{"line":1,"column":104}}},"fnMap":{"0":{"name":"(anonymous_0)","decl":{"start":{"line":1,"column":8},"end":{"line":1,"column":9}},"loc":{"start":{"line":1,"column":15},"end":{"line":1,"column":51}},"line":1},"1":{"name":"t","decl":{"start":{"line":1,"column":61},"end":{"line":1,"column":62}},"loc":{"start":{"line":1,"column":67},"end":{"line":1,"column":105}},"line":1}},"branchMap":{"0":{"loc":{"start":{"line":1,"column":31},"end":{"line":1,"column":50}},"type":"if","locations":[{"start":{"line":1,"column":31},"end":{"line":1,"column":50}},{"start":{},"end":{}}],"line":1}},"s":{"0":2,"1":1,"2":2,"3":1,"4":0},"f":{"0":1,"1":0},"b":{"0":[1,1]},"_coverageSchema":"1a1c01bbd47fc00a2c39e90264f33305004495a9","hash":"ef1b759aa9bbf3be72843d56e29c4e3c08133ad3"}
,"/Users/jingshuang1/Desktop/panjingshuang/自己练习/pjs-utils/bin/index.js": {"path":"/Users/jingshuang1/Desktop/panjingshuang/自己练习/pjs-utils/bin/index.js","statementMap":{},"fnMap":{},"branchMap":{},"s":{},"f":{},"b":{},"_coverageSchema":"1a1c01bbd47fc00a2c39e90264f33305004495a9","hash":"ac82c04583ca8b0d21569b439bc6d29aa628153c"}
,"/Users/jingshuang1/Desktop/panjingshuang/自己练习/pjs-utils/bin/object.js": {"path":"/Users/jingshuang1/Desktop/panjingshuang/自己练习/pjs-utils/bin/object.js","statementMap":{"0":{"start":{"line":1,"column":8},"end":{"line":1,"column":83}},"1":{"start":{"line":1,"column":22},"end":{"line":1,"column":39}},"2":{"start":{"line":1,"column":40},"end":{"line":1,"column":58}},"3":{"start":{"line":1,"column":58},"end":{"line":1,"column":82}},"4":{"start":{"line":1,"column":73},"end":{"line":1,"column":82}},"5":{"start":{"line":1,"column":100},"end":{"line":1,"column":202}},"6":{"start":{"line":1,"column":105},"end":{"line":1,"column":149}},"7":{"start":{"line":1,"column":133},"end":{"line":1,"column":149}},"8":{"start":{"line":1,"column":154},"end":{"line":1,"column":202}},"9":{"start":{"line":1,"column":219},"end":{"line":1,"column":328}},"10":{"start":{"line":1,"column":224},"end":{"line":1,"column":275}},"11":{"start":{"line":1,"column":252},"end":{"line":1,"column":275}},"12":{"start":{"line":1,"column":280},"end":{"line":1,"column":328}}},"fnMap":{"0":{"name":"(anonymous_0)","decl":{"start":{"line":1,"column":8},"end":{"line":1,"column":9}},"loc":{"start":{"line":1,"column":15},"end":{"line":1,"column":83}},"line":1},"1":{"name":"e","decl":{"start":{"line":1,"column":93},"end":{"line":1,"column":94}},"loc":{"start":{"line":1,"column":99},"end":{"line":1,"column":203}},"line":1},"2":{"name":"o","decl":{"start":{"line":1,"column":212},"end":{"line":1,"column":213}},"loc":{"start":{"line":1,"column":218},"end":{"line":1,"column":329}},"line":1}},"branchMap":{"0":{"loc":{"start":{"line":1,"column":100},"end":{"line":1,"column":202}},"type":"if","locations":[{"start":{"line":1,"column":100},"end":{"line":1,"column":202}},{"start":{"line":1,"column":154},"end":{"line":1,"column":202}}],"line":1},"1":{"loc":{"start":{"line":1,"column":219},"end":{"line":1,"column":328}},"type":"if","locations":[{"start":{"line":1,"column":219},"end":{"line":1,"column":328}},{"start":{"line":1,"column":280},"end":{"line":1,"column":328}}],"line":1}},"s":{"0":2,"1":1,"2":1,"3":1,"4":2,"5":0,"6":0,"7":0,"8":0,"9":0,"10":0,"11":0,"12":0},"f":{"0":1,"1":0,"2":0},"b":{"0":[0,0],"1":[0,0]},"_coverageSchema":"1a1c01bbd47fc00a2c39e90264f33305004495a9","hash":"579d2a3b583d55f3bdf52643a799cb5bf978b9c0"}
,"/Users/jingshuang1/Desktop/panjingshuang/自己练习/pjs-utils/bin/other.js": {"path":"/Users/jingshuang1/Desktop/panjingshuang/自己练习/pjs-utils/bin/other.js","statementMap":{"0":{"start":{"line":1,"column":24},"end":{"line":1,"column":134}},"1":{"start":{"line":1,"column":47},"end":{"line":1,"column":134}},"2":{"start":{"line":1,"column":140},"end":{"line":1,"column":175}},"3":{"start":{"line":1,"column":184},"end":{"line":1,"column":216}},"4":{"start":{"line":1,"column":223},"end":{"line":1,"column":225}},"5":{"start":{"line":1,"column":226},"end":{"line":1,"column":748}},"6":{"start":{"line":1,"column":298},"end":{"line":1,"column":732}},"7":{"start":{"line":1,"column":408},"end":{"line":1,"column":448}},"8":{"start":{"line":1,"column":469},"end":{"line":1,"column":473}},"9":{"start":{"line":1,"column":474},"end":{"line":1,"column":710}},"10":{"start":{"line":1,"column":496},"end":{"line":1,"column":532}},"11":{"start":{"line":1,"column":533},"end":{"line":1,"column":709}},"12":{"start":{"line":1,"column":539},"end":{"line":1,"column":656}},"13":{"start":{"line":1,"column":572},"end":{"line":1,"column":580}},"14":{"start":{"line":1,"column":585},"end":{"line":1,"column":656}},"15":{"start":{"line":1,"column":620},"end":{"line":1,"column":655}},"16":{"start":{"line":1,"column":662},"end":{"line":1,"column":709}},"17":{"start":{"line":1,"column":710},"end":{"line":1,"column":729}},"18":{"start":{"line":1,"column":775},"end":{"line":1,"column":831}},"19":{"start":{"line":1,"column":854},"end":{"line":1,"column":873}},"20":{"start":{"line":1,"column":880},"end":{"line":1,"column":882}},"21":{"start":{"line":1,"column":885},"end":{"line":1,"column":887}},"22":{"start":{"line":1,"column":890},"end":{"line":1,"column":894}},"23":{"start":{"line":1,"column":897},"end":{"line":1,"column":901}},"24":{"start":{"line":1,"column":904},"end":{"line":1,"column":905}},"25":{"start":{"line":1,"column":908},"end":{"line":1,"column":912}},"26":{"start":{"line":1,"column":915},"end":{"line":1,"column":917}},"27":{"start":{"line":1,"column":920},"end":{"line":1,"column":924}},"28":{"start":{"line":1,"column":925},"end":{"line":1,"column":2086}},"29":{"start":{"line":1,"column":940},"end":{"line":1,"column":969}},"30":{"start":{"line":1,"column":970},"end":{"line":1,"column":2085}},"31":{"start":{"line":1,"column":1085},"end":{"line":1,"column":1117}},"32":{"start":{"line":1,"column":1110},"end":{"line":1,"column":1117}},"33":{"start":{"line":1,"column":1117},"end":{"line":1,"column":2040}},"34":{"start":{"line":1,"column":1127},"end":{"line":1,"column":1128}},"35":{"start":{"line":1,"column":1148},"end":{"line":1,"column":1177}},"36":{"start":{"line":1,"column":1178},"end":{"line":1,"column":1401}},"37":{"start":{"line":1,"column":1230},"end":{"line":1,"column":1291}},"38":{"start":{"line":1,"column":1302},"end":{"line":1,"column":1325}},"39":{"start":{"line":1,"column":1328},"end":{"line":1,"column":1352}},"40":{"start":{"line":1,"column":1355},"end":{"line":1,"column":1374}},"41":{"start":{"line":1,"column":1375},"end":{"line":1,"column":1400}},"42":{"start":{"line":1,"column":1401},"end":{"line":1,"column":1495}},"43":{"start":{"line":1,"column":1501},"end":{"line":1,"column":1530}},"44":{"start":{"line":1,"column":1533},"end":{"line":1,"column":1562}},"45":{"start":{"line":1,"column":1563},"end":{"line":1,"column":2039}},"46":{"start":{"line":1,"column":2046},"end":{"line":1,"column":2085}},"47":{"start":{"line":1,"column":2086},"end":{"line":1,"column":2531}},"48":{"start":{"line":1,"column":2177},"end":{"line":1,"column":2277}},"49":{"start":{"line":1,"column":2192},"end":{"line":1,"column":2275}},"50":{"start":{"line":1,"column":2278},"end":{"line":1,"column":2530}},"51":{"start":{"line":1,"column":2366},"end":{"line":1,"column":2527}},"52":{"start":{"line":1,"column":2411},"end":{"line":1,"column":2474}},"53":{"start":{"line":1,"column":2425},"end":{"line":1,"column":2473}},"54":{"start":{"line":1,"column":2480},"end":{"line":1,"column":2527}},"55":{"start":{"line":1,"column":2545},"end":{"line":1,"column":2688}},"56":{"start":{"line":1,"column":2569},"end":{"line":1,"column":2584}},"57":{"start":{"line":1,"column":2585},"end":{"line":1,"column":2617}},"58":{"start":{"line":1,"column":2635},"end":{"line":1,"column":2639}},"59":{"start":{"line":1,"column":2640},"end":{"line":1,"column":2687}},"60":{"start":{"line":1,"column":2714},"end":{"line":1,"column":2737}},"61":{"start":{"line":1,"column":2745},"end":{"line":1,"column":2753}},"62":{"start":{"line":1,"column":2756},"end":{"line":1,"column":2771}},"63":{"start":{"line":1,"column":2772},"end":{"line":1,"column":2981}},"64":{"start":{"line":1,"column":2793},"end":{"line":1,"column":2801}},"65":{"start":{"line":1,"column":2814},"end":{"line":1,"column":2824}},"66":{"start":{"line":1,"column":2827},"end":{"line":1,"column":2851}},"67":{"start":{"line":1,"column":2854},"end":{"line":1,"column":2895}},"68":{"start":{"line":1,"column":2896},"end":{"line":1,"column":2980}},"69":{"start":{"line":1,"column":2922},"end":{"line":1,"column":2975}},"70":{"start":{"line":1,"column":3006},"end":{"line":1,"column":3008}},"71":{"start":{"line":1,"column":3009},"end":{"line":1,"column":3078}},"72":{"start":{"line":1,"column":3079},"end":{"line":1,"column":3595}},"73":{"start":{"line":1,"column":3111},"end":{"line":1,"column":3152}},"74":{"start":{"line":1,"column":3155},"end":{"line":1,"column":3170}},"75":{"start":{"line":1,"column":3173},"end":{"line":1,"column":3188}},"76":{"start":{"line":1,"column":3189},"end":{"line":1,"column":3346}},"77":{"start":{"line":1,"column":3388},"end":{"line":1,"column":3396}},"78":{"start":{"line":1,"column":3399},"end":{"line":1,"column":3408}},"79":{"start":{"line":1,"column":3411},"end":{"line":1,"column":3433}},"80":{"start":{"line":1,"column":3434},"end":{"line":1,"column":3535}},"81":{"start":{"line":1,"column":3477},"end":{"line":1,"column":3530}},"82":{"start":{"line":1,"column":3564},"end":{"line":1,"column":3593}},"83":{"start":{"line":1,"column":3610},"end":{"line":1,"column":3691}},"84":{"start":{"line":1,"column":3619},"end":{"line":1,"column":3691}},"85":{"start":{"line":1,"column":3691},"end":{"line":1,"column":3791}},"86":{"start":{"line":1,"column":3709},"end":{"line":1,"column":3791}},"87":{"start":{"line":1,"column":3799},"end":{"line":1,"column":3805}},"88":{"start":{"line":1,"column":3808},"end":{"line":1,"column":3838}},"89":{"start":{"line":1,"column":3841},"end":{"line":1,"column":3848}},"90":{"start":{"line":1,"column":3851},"end":{"line":1,"column":3859}},"91":{"start":{"line":1,"column":3862},"end":{"line":1,"column":3882}},"92":{"start":{"line":1,"column":3883},"end":{"line":1,"column":3914}},"93":{"start":{"line":1,"column":3920},"end":{"line":1,"column":3933}},"94":{"start":{"line":1,"column":3936},"end":{"line":1,"column":3944}},"95":{"start":{"line":1,"column":3947},"end":{"line":1,"column":3955}},"96":{"start":{"line":1,"column":3958},"end":{"line":1,"column":3966}},"97":{"start":{"line":1,"column":3969},"end":{"line":1,"column":3976}},"98":{"start":{"line":1,"column":3979},"end":{"line":1,"column":3987}},"99":{"start":{"line":1,"column":3990},"end":{"line":1,"column":4001}},"100":{"start":{"line":1,"column":4004},"end":{"line":1,"column":4014}},"101":{"start":{"line":1,"column":4017},"end":{"line":1,"column":4046}},"102":{"start":{"line":1,"column":4047},"end":{"line":1,"column":4062}},"103":{"start":{"line":1,"column":4068},"end":{"line":1,"column":4186}},"104":{"start":{"line":1,"column":4187},"end":{"line":1,"column":4228}},"105":{"start":{"line":1,"column":4236},"end":{"line":1,"column":4238}},"106":{"start":{"line":1,"column":4245},"end":{"line":1,"column":4247}},"107":{"start":{"line":1,"column":4250},"end":{"line":1,"column":4258}},"108":{"start":{"line":1,"column":4261},"end":{"line":1,"column":4375}},"109":{"start":{"line":1,"column":4378},"end":{"line":1,"column":4492}},"110":{"start":{"line":1,"column":4493},"end":{"line":1,"column":4747}},"111":{"start":{"line":1,"column":4503},"end":{"line":1,"column":4504}},"112":{"start":{"line":1,"column":4520},"end":{"line":1,"column":4530}},"113":{"start":{"line":1,"column":4533},"end":{"line":1,"column":4543}},"114":{"start":{"line":1,"column":4546},"end":{"line":1,"column":4736}},"115":{"start":{"line":1,"column":4737},"end":{"line":1,"column":4746}},"116":{"start":{"line":1,"column":4753},"end":{"line":1,"column":4766}},"117":{"start":{"line":1,"column":4769},"end":{"line":1,"column":4780}},"118":{"start":{"line":1,"column":4789},"end":{"line":1,"column":4798}},"119":{"start":{"line":1,"column":4817},"end":{"line":1,"column":5033}},"120":{"start":{"line":1,"column":4834},"end":{"line":1,"column":5033}},"121":{"start":{"line":1,"column":5095},"end":{"line":1,"column":5117}},"122":{"start":{"line":1,"column":5118},"end":{"line":1,"column":5165}},"123":{"start":{"line":1,"column":5140},"end":{"line":1,"column":5159}},"124":{"start":{"line":1,"column":5166},"end":{"line":1,"column":5491}},"125":{"start":{"line":1,"column":5260},"end":{"line":1,"column":5289}},"126":{"start":{"line":1,"column":5295},"end":{"line":1,"column":5296}},"127":{"start":{"line":1,"column":5299},"end":{"line":1,"column":5300}},"128":{"start":{"line":1,"column":5301},"end":{"line":1,"column":5445}},"129":{"start":{"line":1,"column":5311},"end":{"line":1,"column":5312}},"130":{"start":{"line":1,"column":5330},"end":{"line":1,"column":5445}},"131":{"start":{"line":1,"column":5360},"end":{"line":1,"column":5432}},"132":{"start":{"line":1,"column":5445},"end":{"line":1,"column":5489}},"133":{"start":{"line":1,"column":5469},"end":{"line":1,"column":5482}},"134":{"start":{"line":1,"column":5498},"end":{"line":1,"column":5706}},"135":{"start":{"line":1,"column":5721},"end":{"line":1,"column":5783}},"136":{"start":{"line":1,"column":5730},"end":{"line":1,"column":5783}},"137":{"start":{"line":1,"column":5789},"end":{"line":1,"column":5798}},"138":{"start":{"line":1,"column":5801},"end":{"line":1,"column":5812}},"139":{"start":{"line":1,"column":5815},"end":{"line":1,"column":5844}},"140":{"start":{"line":1,"column":5845},"end":{"line":1,"column":6593}},"141":{"start":{"line":1,"column":6007},"end":{"line":1,"column":6593}},"142":{"start":{"line":1,"column":6058},"end":{"line":1,"column":6072}},"143":{"start":{"line":1,"column":6073},"end":{"line":1,"column":6112}},"144":{"start":{"line":1,"column":6112},"end":{"line":1,"column":6208}},"145":{"start":{"line":1,"column":6141},"end":{"line":1,"column":6208}},"146":{"start":{"line":1,"column":6208},"end":{"line":1,"column":6310}},"147":{"start":{"line":1,"column":6218},"end":{"line":1,"column":6219}},"148":{"start":{"line":1,"column":6242},"end":{"line":1,"column":6310}},"149":{"start":{"line":1,"column":6338},"end":{"line":1,"column":6426}},"150":{"start":{"line":1,"column":6389},"end":{"line":1,"column":6406}},"151":{"start":{"line":1,"column":6454},"end":{"line":1,"column":6590}},"152":{"start":{"line":1,"column":6560},"end":{"line":1,"column":6587}},"153":{"start":{"line":1,"column":6619},"end":{"line":1,"column":6630}},"154":{"start":{"line":1,"column":6633},"end":{"line":1,"column":6643}},"155":{"start":{"line":1,"column":6646},"end":{"line":1,"column":6669}},"156":{"start":{"line":1,"column":6670},"end":{"line":1,"column":6762}},"157":{"start":{"line":1,"column":6697},"end":{"line":1,"column":6705}},"158":{"start":{"line":1,"column":6708},"end":{"line":1,"column":6721}},"159":{"start":{"line":1,"column":6722},"end":{"line":1,"column":6743}},"160":{"start":{"line":1,"column":6749},"end":{"line":1,"column":6762}},"161":{"start":{"line":1,"column":6762},"end":{"line":1,"column":6857}},"162":{"start":{"line":1,"column":6789},"end":{"line":1,"column":6797}},"163":{"start":{"line":1,"column":6798},"end":{"line":1,"column":6832}},"164":{"start":{"line":1,"column":6838},"end":{"line":1,"column":6857}},"165":{"start":{"line":1,"column":6863},"end":{"line":1,"column":6982}},"166":{"start":{"line":1,"column":6985},"end":{"line":1,"column":7015}},"167":{"start":{"line":1,"column":7016},"end":{"line":1,"column":7090}},"168":{"start":{"line":1,"column":7111},"end":{"line":1,"column":7492}},"169":{"start":{"line":1,"column":7175},"end":{"line":1,"column":7203}},"170":{"start":{"line":1,"column":7204},"end":{"line":1,"column":7267}},"171":{"start":{"line":1,"column":7345},"end":{"line":1,"column":7423}},"172":{"start":{"line":1,"column":7360},"end":{"line":1,"column":7416}},"173":{"start":{"line":1,"column":7429},"end":{"line":1,"column":7432}},"174":{"start":{"line":1,"column":7433},"end":{"line":1,"column":7489}},"175":{"start":{"line":1,"column":7524},"end":{"line":1,"column":7550}},"176":{"start":{"line":1,"column":7553},"end":{"line":1,"column":7555}},"177":{"start":{"line":1,"column":7556},"end":{"line":1,"column":8044}},"178":{"start":{"line":1,"column":7608},"end":{"line":1,"column":7638}},"179":{"start":{"line":1,"column":7639},"end":{"line":1,"column":7766}},"180":{"start":{"line":1,"column":7774},"end":{"line":1,"column":7795}},"181":{"start":{"line":1,"column":7798},"end":{"line":1,"column":7827}},"182":{"start":{"line":1,"column":7828},"end":{"line":1,"column":7878}},"183":{"start":{"line":1,"column":7884},"end":{"line":1,"column":7886}},"184":{"start":{"line":1,"column":7887},"end":{"line":1,"column":7993}},"185":{"start":{"line":1,"column":7891},"end":{"line":1,"column":7928}},"186":{"start":{"line":1,"column":7937},"end":{"line":1,"column":7992}},"187":{"start":{"line":1,"column":7993},"end":{"line":1,"column":8017}},"188":{"start":{"line":1,"column":7999},"end":{"line":1,"column":8017}},"189":{"start":{"line":1,"column":8017},"end":{"line":1,"column":8025}},"190":{"start":{"line":1,"column":8124},"end":{"line":1,"column":8125}},"191":{"start":{"line":1,"column":8128},"end":{"line":1,"column":8154}},"192":{"start":{"line":1,"column":8157},"end":{"line":1,"column":8188}},"193":{"start":{"line":1,"column":8191},"end":{"line":1,"column":8223}},"194":{"start":{"line":1,"column":8226},"end":{"line":1,"column":8228}},"195":{"start":{"line":1,"column":8231},"end":{"line":1,"column":8263}},"196":{"start":{"line":1,"column":8264},"end":{"line":1,"column":9103}},"197":{"start":{"line":1,"column":8341},"end":{"line":1,"column":8426}},"198":{"start":{"line":1,"column":8434},"end":{"line":1,"column":8443}},"199":{"start":{"line":1,"column":8444},"end":{"line":1,"column":9102}},"200":{"start":{"line":1,"column":8474},"end":{"line":1,"column":8497}},"201":{"start":{"line":1,"column":8498},"end":{"line":1,"column":8669}},"202":{"start":{"line":1,"column":8716},"end":{"line":1,"column":8727}},"203":{"start":{"line":1,"column":8773},"end":{"line":1,"column":8820}},"204":{"start":{"line":1,"column":8868},"end":{"line":1,"column":9099}},"205":{"start":{"line":1,"column":8931},"end":{"line":1,"column":8956}},"206":{"start":{"line":1,"column":8959},"end":{"line":1,"column":8986}},"207":{"start":{"line":1,"column":8989},"end":{"line":1,"column":9015}},"208":{"start":{"line":1,"column":9016},"end":{"line":1,"column":9081}},"209":{"start":{"line":1,"column":9103},"end":{"line":1,"column":9488}},"210":{"start":{"line":1,"column":9195},"end":{"line":1,"column":9208}},"211":{"start":{"line":1,"column":9201},"end":{"line":1,"column":9208}},"212":{"start":{"line":1,"column":9216},"end":{"line":1,"column":9225}},"213":{"start":{"line":1,"column":9226},"end":{"line":1,"column":9486}},"214":{"start":{"line":1,"column":9248},"end":{"line":1,"column":9291}},"215":{"start":{"line":1,"column":9299},"end":{"line":1,"column":9322}},"216":{"start":{"line":1,"column":9323},"end":{"line":1,"column":9485}},"217":{"start":{"line":1,"column":9489},"end":{"line":1,"column":9527}}},"fnMap":{"0":{"name":"e","decl":{"start":{"line":1,"column":9},"end":{"line":1,"column":10}},"loc":{"start":{"line":1,"column":23},"end":{"line":1,"column":749}},"line":1},"1":{"name":"(anonymous_1)","decl":{"start":{"line":1,"column":16},"end":{"line":1,"column":17}},"loc":{"start":{"line":1,"column":19},"end":{"line":1,"column":21}},"line":1},"2":{"name":"(anonymous_2)","decl":{"start":{"line":1,"column":293},"end":{"line":1,"column":294}},"loc":{"start":{"line":1,"column":297},"end":{"line":1,"column":733}},"line":1},"3":{"name":"(anonymous_3)","decl":{"start":{"line":1,"column":405},"end":{"line":1,"column":406}},"loc":{"start":{"line":1,"column":408},"end":{"line":1,"column":448}},"line":1},"4":{"name":"(anonymous_4)","decl":{"start":{"line":1,"column":457},"end":{"line":1,"column":458}},"loc":{"start":{"line":1,"column":460},"end":{"line":1,"column":730}},"line":1},"5":{"name":"t","decl":{"start":{"line":1,"column":758},"end":{"line":1,"column":759}},"loc":{"start":{"line":1,"column":774},"end":{"line":1,"column":832}},"line":1},"6":{"name":"n","decl":{"start":{"line":1,"column":841},"end":{"line":1,"column":842}},"loc":{"start":{"line":1,"column":845},"end":{"line":1,"column":3596}},"line":1},"7":{"name":"(anonymous_7)","decl":{"start":{"line":1,"column":2185},"end":{"line":1,"column":2186}},"loc":{"start":{"line":1,"column":2192},"end":{"line":1,"column":2275}},"line":1},"8":{"name":"(anonymous_8)","decl":{"start":{"line":1,"column":2354},"end":{"line":1,"column":2355}},"loc":{"start":{"line":1,"column":2365},"end":{"line":1,"column":2528}},"line":1},"9":{"name":"c","decl":{"start":{"line":1,"column":2540},"end":{"line":1,"column":2541}},"loc":{"start":{"line":1,"column":2544},"end":{"line":1,"column":2689}},"line":1},"10":{"name":"(anonymous_10)","decl":{"start":{"line":1,"column":2559},"end":{"line":1,"column":2560}},"loc":{"start":{"line":1,"column":2562},"end":{"line":1,"column":2618}},"line":1},"11":{"name":"m","decl":{"start":{"line":1,"column":2698},"end":{"line":1,"column":2699}},"loc":{"start":{"line":1,"column":2713},"end":{"line":1,"column":2987}},"line":1},"12":{"name":"(anonymous_12)","decl":{"start":{"line":1,"column":2705},"end":{"line":1,"column":2706}},"loc":{"start":{"line":1,"column":2709},"end":{"line":1,"column":2711}},"line":1},"13":{"name":"(anonymous_13)","decl":{"start":{"line":1,"column":2917},"end":{"line":1,"column":2918}},"loc":{"start":{"line":1,"column":2921},"end":{"line":1,"column":2976}},"line":1},"14":{"name":"u","decl":{"start":{"line":1,"column":2996},"end":{"line":1,"column":2997}},"loc":{"start":{"line":1,"column":2999},"end":{"line":1,"column":3079}},"line":1},"15":{"name":"(anonymous_15)","decl":{"start":{"line":1,"column":3097},"end":{"line":1,"column":3098}},"loc":{"start":{"line":1,"column":3104},"end":{"line":1,"column":3347}},"line":1},"16":{"name":"(anonymous_16)","decl":{"start":{"line":1,"column":3357},"end":{"line":1,"column":3358}},"loc":{"start":{"line":1,"column":3379},"end":{"line":1,"column":3536}},"line":1},"17":{"name":"(anonymous_17)","decl":{"start":{"line":1,"column":3371},"end":{"line":1,"column":3372}},"loc":{"start":{"line":1,"column":3375},"end":{"line":1,"column":3377}},"line":1},"18":{"name":"(anonymous_18)","decl":{"start":{"line":1,"column":3472},"end":{"line":1,"column":3473}},"loc":{"start":{"line":1,"column":3476},"end":{"line":1,"column":3531}},"line":1},"19":{"name":"(anonymous_19)","decl":{"start":{"line":1,"column":3552},"end":{"line":1,"column":3553}},"loc":{"start":{"line":1,"column":3563},"end":{"line":1,"column":3594}},"line":1},"20":{"name":"o","decl":{"start":{"line":1,"column":3605},"end":{"line":1,"column":3606}},"loc":{"start":{"line":1,"column":3609},"end":{"line":1,"column":5492}},"line":1},"21":{"name":"T","decl":{"start":{"line":1,"column":5042},"end":{"line":1,"column":5043}},"loc":{"start":{"line":1,"column":5088},"end":{"line":1,"column":5166}},"line":1},"22":{"name":"(anonymous_22)","decl":{"start":{"line":1,"column":5125},"end":{"line":1,"column":5126}},"loc":{"start":{"line":1,"column":5139},"end":{"line":1,"column":5160}},"line":1},"23":{"name":"(anonymous_23)","decl":{"start":{"line":1,"column":5239},"end":{"line":1,"column":5240}},"loc":{"start":{"line":1,"column":5259},"end":{"line":1,"column":5490}},"line":1},"24":{"name":"(anonymous_24)","decl":{"start":{"line":1,"column":5251},"end":{"line":1,"column":5252}},"loc":{"start":{"line":1,"column":5255},"end":{"line":1,"column":5257}},"line":1},"25":{"name":"(anonymous_25)","decl":{"start":{"line":1,"column":5349},"end":{"line":1,"column":5350}},"loc":{"start":{"line":1,"column":5353},"end":{"line":1,"column":5433}},"line":1},"26":{"name":"(anonymous_26)","decl":{"start":{"line":1,"column":5464},"end":{"line":1,"column":5465}},"loc":{"start":{"line":1,"column":5468},"end":{"line":1,"column":5483}},"line":1},"27":{"name":"l","decl":{"start":{"line":1,"column":5716},"end":{"line":1,"column":5717}},"loc":{"start":{"line":1,"column":5720},"end":{"line":1,"column":7494}},"line":1},"28":{"name":"(anonymous_28)","decl":{"start":{"line":1,"column":6037},"end":{"line":1,"column":6038}},"loc":{"start":{"line":1,"column":6047},"end":{"line":1,"column":6311}},"line":1},"29":{"name":"(anonymous_29)","decl":{"start":{"line":1,"column":6333},"end":{"line":1,"column":6334}},"loc":{"start":{"line":1,"column":6337},"end":{"line":1,"column":6427}},"line":1},"30":{"name":"(anonymous_30)","decl":{"start":{"line":1,"column":6384},"end":{"line":1,"column":6385}},"loc":{"start":{"line":1,"column":6388},"end":{"line":1,"column":6407}},"line":1},"31":{"name":"(anonymous_31)","decl":{"start":{"line":1,"column":6443},"end":{"line":1,"column":6444}},"loc":{"start":{"line":1,"column":6453},"end":{"line":1,"column":6591}},"line":1},"32":{"name":"(anonymous_32)","decl":{"start":{"line":1,"column":6556},"end":{"line":1,"column":6557}},"loc":{"start":{"line":1,"column":6559},"end":{"line":1,"column":6588}},"line":1},"33":{"name":"l","decl":{"start":{"line":1,"column":6602},"end":{"line":1,"column":6603}},"loc":{"start":{"line":1,"column":6610},"end":{"line":1,"column":7091}},"line":1},"34":{"name":"a","decl":{"start":{"line":1,"column":7100},"end":{"line":1,"column":7101}},"loc":{"start":{"line":1,"column":7110},"end":{"line":1,"column":7493}},"line":1},"35":{"name":"(anonymous_35)","decl":{"start":{"line":1,"column":7157},"end":{"line":1,"column":7158}},"loc":{"start":{"line":1,"column":7168},"end":{"line":1,"column":7268}},"line":1},"36":{"name":"(anonymous_36)","decl":{"start":{"line":1,"column":7334},"end":{"line":1,"column":7335}},"loc":{"start":{"line":1,"column":7344},"end":{"line":1,"column":7490}},"line":1},"37":{"name":"(anonymous_37)","decl":{"start":{"line":1,"column":7346},"end":{"line":1,"column":7347}},"loc":{"start":{"line":1,"column":7359},"end":{"line":1,"column":7417}},"line":1},"38":{"name":"a","decl":{"start":{"line":1,"column":7509},"end":{"line":1,"column":7510}},"loc":{"start":{"line":1,"column":7517},"end":{"line":1,"column":8045}},"line":1},"39":{"name":"(anonymous_39)","decl":{"start":{"line":1,"column":7588},"end":{"line":1,"column":7589}},"loc":{"start":{"line":1,"column":7599},"end":{"line":1,"column":8026}},"line":1},"40":{"name":"s","decl":{"start":{"line":1,"column":8054},"end":{"line":1,"column":8055}},"loc":{"start":{"line":1,"column":8061},"end":{"line":1,"column":9489}},"line":1},"41":{"name":"(anonymous_41)","decl":{"start":{"line":1,"column":8461},"end":{"line":1,"column":8462}},"loc":{"start":{"line":1,"column":8465},"end":{"line":1,"column":8670}},"line":1},"42":{"name":"(anonymous_42)","decl":{"start":{"line":1,"column":8704},"end":{"line":1,"column":8705}},"loc":{"start":{"line":1,"column":8715},"end":{"line":1,"column":8728}},"line":1},"43":{"name":"(anonymous_43)","decl":{"start":{"line":1,"column":8762},"end":{"line":1,"column":8763}},"loc":{"start":{"line":1,"column":8772},"end":{"line":1,"column":8821}},"line":1},"44":{"name":"(anonymous_44)","decl":{"start":{"line":1,"column":8856},"end":{"line":1,"column":8857}},"loc":{"start":{"line":1,"column":8867},"end":{"line":1,"column":9100}},"line":1},"45":{"name":"(anonymous_45)","decl":{"start":{"line":1,"column":8909},"end":{"line":1,"column":8910}},"loc":{"start":{"line":1,"column":8922},"end":{"line":1,"column":9082}},"line":1},"46":{"name":"(anonymous_46)","decl":{"start":{"line":1,"column":9127},"end":{"line":1,"column":9128}},"loc":{"start":{"line":1,"column":9194},"end":{"line":1,"column":9487}},"line":1},"47":{"name":"(anonymous_47)","decl":{"start":{"line":1,"column":9243},"end":{"line":1,"column":9244}},"loc":{"start":{"line":1,"column":9247},"end":{"line":1,"column":9486}},"line":1}},"branchMap":{"0":{"loc":{"start":{"line":1,"column":13},"end":{"line":1,"column":22}},"type":"default-arg","locations":[{"start":{"line":1,"column":16},"end":{"line":1,"column":21}}],"line":1},"1":{"loc":{"start":{"line":1,"column":24},"end":{"line":1,"column":134}},"type":"if","locations":[{"start":{"line":1,"column":24},"end":{"line":1,"column":134}},{"start":{},"end":{}}],"line":1},"2":{"loc":{"start":{"line":1,"column":184},"end":{"line":1,"column":216}},"type":"binary-expr","locations":[{"start":{"line":1,"column":184},"end":{"line":1,"column":185}},{"start":{"line":1,"column":187},"end":{"line":1,"column":216}}],"line":1},"3":{"loc":{"start":{"line":1,"column":226},"end":{"line":1,"column":273}},"type":"binary-expr","locations":[{"start":{"line":1,"column":226},"end":{"line":1,"column":241}},{"start":{"line":1,"column":244},"end":{"line":1,"column":272}}],"line":1},"4":{"loc":{"start":{"line":1,"column":336},"end":{"line":1,"column":358}},"type":"binary-expr","locations":[{"start":{"line":1,"column":336},"end":{"line":1,"column":352}},{"start":{"line":1,"column":354},"end":{"line":1,"column":358}}],"line":1},"5":{"loc":{"start":{"line":1,"column":411},"end":{"line":1,"column":447}},"type":"binary-expr","locations":[{"start":{"line":1,"column":411},"end":{"line":1,"column":421}},{"start":{"line":1,"column":423},"end":{"line":1,"column":427}},{"start":{"line":1,"column":429},"end":{"line":1,"column":447}}],"line":1},"6":{"loc":{"start":{"line":1,"column":474},"end":{"line":1,"column":710}},"type":"if","locations":[{"start":{"line":1,"column":474},"end":{"line":1,"column":710}},{"start":{},"end":{}}],"line":1},"7":{"loc":{"start":{"line":1,"column":533},"end":{"line":1,"column":709}},"type":"if","locations":[{"start":{"line":1,"column":533},"end":{"line":1,"column":709}},{"start":{"line":1,"column":662},"end":{"line":1,"column":709}}],"line":1},"8":{"loc":{"start":{"line":1,"column":539},"end":{"line":1,"column":656}},"type":"if","locations":[{"start":{"line":1,"column":539},"end":{"line":1,"column":656}},{"start":{"line":1,"column":585},"end":{"line":1,"column":656}}],"line":1},"9":{"loc":{"start":{"line":1,"column":585},"end":{"line":1,"column":656}},"type":"if","locations":[{"start":{"line":1,"column":585},"end":{"line":1,"column":656}},{"start":{},"end":{}}],"line":1},"10":{"loc":{"start":{"line":1,"column":735},"end":{"line":1,"column":747}},"type":"binary-expr","locations":[{"start":{"line":1,"column":735},"end":{"line":1,"column":744}},{"start":{"line":1,"column":746},"end":{"line":1,"column":747}}],"line":1},"11":{"loc":{"start":{"line":1,"column":762},"end":{"line":1,"column":769}},"type":"default-arg","locations":[{"start":{"line":1,"column":764},"end":{"line":1,"column":769}}],"line":1},"12":{"loc":{"start":{"line":1,"column":770},"end":{"line":1,"column":773}},"type":"default-arg","locations":[{"start":{"line":1,"column":772},"end":{"line":1,"column":773}}],"line":1},"13":{"loc":{"start":{"line":1,"column":782},"end":{"line":1,"column":831}},"type":"cond-expr","locations":[{"start":{"line":1,"column":784},"end":{"line":1,"column":817}},{"start":{"line":1,"column":818},"end":{"line":1,"column":831}}],"line":1},"14":{"loc":{"start":{"line":1,"column":925},"end":{"line":1,"column":2086}},"type":"if","locations":[{"start":{"line":1,"column":925},"end":{"line":1,"column":2086}},{"start":{},"end":{}}],"line":1},"15":{"loc":{"start":{"line":1,"column":970},"end":{"line":1,"column":2085}},"type":"if","locations":[{"start":{"line":1,"column":970},"end":{"line":1,"column":2085}},{"start":{"line":1,"column":2046},"end":{"line":1,"column":2085}}],"line":1},"16":{"loc":{"start":{"line":1,"column":1085},"end":{"line":1,"column":1117}},"type":"if","locations":[{"start":{"line":1,"column":1085},"end":{"line":1,"column":1117}},{"start":{},"end":{}}],"line":1},"17":{"loc":{"start":{"line":1,"column":1178},"end":{"line":1,"column":1401}},"type":"if","locations":[{"start":{"line":1,"column":1178},"end":{"line":1,"column":1401}},{"start":{"line":1,"column":1295},"end":{"line":1,"column":1401}}],"line":1},"18":{"loc":{"start":{"line":1,"column":1355},"end":{"line":1,"column":1374}},"type":"cond-expr","locations":[{"start":{"line":1,"column":1363},"end":{"line":1,"column":1370}},{"start":{"line":1,"column":1371},"end":{"line":1,"column":1374}}],"line":1},"19":{"loc":{"start":{"line":1,"column":1753},"end":{"line":1,"column":2012}},"type":"cond-expr","locations":[{"start":{"line":1,"column":1768},"end":{"line":1,"column":1961}},{"start":{"line":1,"column":1963},"end":{"line":1,"column":2012}}],"line":1},"20":{"loc":{"start":{"line":1,"column":1768},"end":{"line":1,"column":1927}},"type":"binary-expr","locations":[{"start":{"line":1,"column":1768},"end":{"line":1,"column":1784}},{"start":{"line":1,"column":1787},"end":{"line":1,"column":1926}}],"line":1},"21":{"loc":{"start":{"line":1,"column":2086},"end":{"line":1,"column":2531}},"type":"if","locations":[{"start":{"line":1,"column":2086},"end":{"line":1,"column":2531}},{"start":{},"end":{}}],"line":1},"22":{"loc":{"start":{"line":1,"column":2096},"end":{"line":1,"column":2122}},"type":"cond-expr","locations":[{"start":{"line":1,"column":2114},"end":{"line":1,"column":2115}},{"start":{"line":1,"column":2116},"end":{"line":1,"column":2122}}],"line":1},"23":{"loc":{"start":{"line":1,"column":2096},"end":{"line":1,"column":2113}},"type":"binary-expr","locations":[{"start":{"line":1,"column":2096},"end":{"line":1,"column":2103}},{"start":{"line":1,"column":2105},"end":{"line":1,"column":2113}}],"line":1},"24":{"loc":{"start":{"line":1,"column":2131},"end":{"line":1,"column":2160}},"type":"cond-expr","locations":[{"start":{"line":1,"column":2151},"end":{"line":1,"column":2152}},{"start":{"line":1,"column":2153},"end":{"line":1,"column":2160}}],"line":1},"25":{"loc":{"start":{"line":1,"column":2131},"end":{"line":1,"column":2150}},"type":"binary-expr","locations":[{"start":{"line":1,"column":2131},"end":{"line":1,"column":2139}},{"start":{"line":1,"column":2141},"end":{"line":1,"column":2150}}],"line":1},"26":{"loc":{"start":{"line":1,"column":2315},"end":{"line":1,"column":2530}},"type":"binary-expr","locations":[{"start":{"line":1,"column":2315},"end":{"line":1,"column":2324}},{"start":{"line":1,"column":2326},"end":{"line":1,"column":2530}}],"line":1},"27":{"loc":{"start":{"line":1,"column":2366},"end":{"line":1,"column":2527}},"type":"if","locations":[{"start":{"line":1,"column":2366},"end":{"line":1,"column":2527}},{"start":{"line":1,"column":2480},"end":{"line":1,"column":2527}}],"line":1},"28":{"loc":{"start":{"line":1,"column":2411},"end":{"line":1,"column":2474}},"type":"if","locations":[{"start":{"line":1,"column":2411},"end":{"line":1,"column":2474}},{"start":{},"end":{}}],"line":1},"29":{"loc":{"start":{"line":1,"column":2545},"end":{"line":1,"column":2688}},"type":"if","locations":[{"start":{"line":1,"column":2545},"end":{"line":1,"column":2688}},{"start":{},"end":{}}],"line":1},"30":{"loc":{"start":{"line":1,"column":2702},"end":{"line":1,"column":2712}},"type":"default-arg","locations":[{"start":{"line":1,"column":2705},"end":{"line":1,"column":2711}}],"line":1},"31":{"loc":{"start":{"line":1,"column":2714},"end":{"line":1,"column":2736}},"type":"binary-expr","locations":[{"start":{"line":1,"column":2714},"end":{"line":1,"column":2717}},{"start":{"line":1,"column":2720},"end":{"line":1,"column":2735}}],"line":1},"32":{"loc":{"start":{"line":1,"column":2772},"end":{"line":1,"column":2981}},"type":"if","locations":[{"start":{"line":1,"column":2772},"end":{"line":1,"column":2981}},{"start":{"line":1,"column":2805},"end":{"line":1,"column":2981}}],"line":1},"33":{"loc":{"start":{"line":1,"column":2782},"end":{"line":1,"column":2792}},"type":"binary-expr","locations":[{"start":{"line":1,"column":2782},"end":{"line":1,"column":2786}},{"start":{"line":1,"column":2788},"end":{"line":1,"column":2792}}],"line":1},"34":{"loc":{"start":{"line":1,"column":2937},"end":{"line":1,"column":2975}},"type":"binary-expr","locations":[{"start":{"line":1,"column":2937},"end":{"line":1,"column":2941}},{"start":{"line":1,"column":2944},"end":{"line":1,"column":2974}}],"line":1},"35":{"loc":{"start":{"line":1,"column":3009},"end":{"line":1,"column":3060}},"type":"cond-expr","locations":[{"start":{"line":1,"column":3026},"end":{"line":1,"column":3043}},{"start":{"line":1,"column":3044},"end":{"line":1,"column":3060}}],"line":1},"36":{"loc":{"start":{"line":1,"column":3189},"end":{"line":1,"column":3346}},"type":"cond-expr","locations":[{"start":{"line":1,"column":3194},"end":{"line":1,"column":3277}},{"start":{"line":1,"column":3279},"end":{"line":1,"column":3345}}],"line":1},"37":{"loc":{"start":{"line":1,"column":3194},"end":{"line":1,"column":3277}},"type":"cond-expr","locations":[{"start":{"line":1,"column":3211},"end":{"line":1,"column":3244}},{"start":{"line":1,"column":3245},"end":{"line":1,"column":3277}}],"line":1},"38":{"loc":{"start":{"line":1,"column":3368},"end":{"line":1,"column":3378}},"type":"default-arg","locations":[{"start":{"line":1,"column":3371},"end":{"line":1,"column":3377}}],"line":1},"39":{"loc":{"start":{"line":1,"column":3436},"end":{"line":1,"column":3449}},"type":"cond-expr","locations":[{"start":{"line":1,"column":3446},"end":{"line":1,"column":3447}},{"start":{"line":1,"column":3448},"end":{"line":1,"column":3449}}],"line":1},"40":{"loc":{"start":{"line":1,"column":3484},"end":{"line":1,"column":3526}},"type":"binary-expr","locations":[{"start":{"line":1,"column":3484},"end":{"line":1,"column":3488}},{"start":{"line":1,"column":3491},"end":{"line":1,"column":3525}}],"line":1},"41":{"loc":{"start":{"line":1,"column":3610},"end":{"line":1,"column":3691}},"type":"if","locations":[{"start":{"line":1,"column":3610},"end":{"line":1,"column":3691}},{"start":{},"end":{}}],"line":1},"42":{"loc":{"start":{"line":1,"column":3691},"end":{"line":1,"column":3791}},"type":"if","locations":[{"start":{"line":1,"column":3691},"end":{"line":1,"column":3791}},{"start":{},"end":{}}],"line":1},"43":{"loc":{"start":{"line":1,"column":4688},"end":{"line":1,"column":4706}},"type":"cond-expr","locations":[{"start":{"line":1,"column":4696},"end":{"line":1,"column":4703}},{"start":{"line":1,"column":4704},"end":{"line":1,"column":4706}}],"line":1},"44":{"loc":{"start":{"line":1,"column":4714},"end":{"line":1,"column":4732}},"type":"cond-expr","locations":[{"start":{"line":1,"column":4722},"end":{"line":1,"column":4729}},{"start":{"line":1,"column":4730},"end":{"line":1,"column":4732}}],"line":1},"45":{"loc":{"start":{"line":1,"column":5044},"end":{"line":1,"column":5087}},"type":"default-arg","locations":[{"start":{"line":1,"column":5085},"end":{"line":1,"column":5087}}],"line":1},"46":{"loc":{"start":{"line":1,"column":5047},"end":{"line":1,"column":5050}},"type":"default-arg","locations":[{"start":{"line":1,"column":5049},"end":{"line":1,"column":5050}}],"line":1},"47":{"loc":{"start":{"line":1,"column":5053},"end":{"line":1,"column":5056}},"type":"default-arg","locations":[{"start":{"line":1,"column":5055},"end":{"line":1,"column":5056}}],"line":1},"48":{"loc":{"start":{"line":1,"column":5059},"end":{"line":1,"column":5063}},"type":"default-arg","locations":[{"start":{"line":1,"column":5061},"end":{"line":1,"column":5063}}],"line":1},"49":{"loc":{"start":{"line":1,"column":5066},"end":{"line":1,"column":5070}},"type":"default-arg","locations":[{"start":{"line":1,"column":5068},"end":{"line":1,"column":5070}}],"line":1},"50":{"loc":{"start":{"line":1,"column":5079},"end":{"line":1,"column":5083}},"type":"default-arg","locations":[{"start":{"line":1,"column":5081},"end":{"line":1,"column":5083}}],"line":1},"51":{"loc":{"start":{"line":1,"column":5248},"end":{"line":1,"column":5258}},"type":"default-arg","locations":[{"start":{"line":1,"column":5251},"end":{"line":1,"column":5257}}],"line":1},"52":{"loc":{"start":{"line":1,"column":5260},"end":{"line":1,"column":5277}},"type":"binary-expr","locations":[{"start":{"line":1,"column":5260},"end":{"line":1,"column":5261}},{"start":{"line":1,"column":5264},"end":{"line":1,"column":5276}}],"line":1},"53":{"loc":{"start":{"line":1,"column":5563},"end":{"line":1,"column":5626}},"type":"binary-expr","locations":[{"start":{"line":1,"column":5563},"end":{"line":1,"column":5599}},{"start":{"line":1,"column":5601},"end":{"line":1,"column":5626}}],"line":1},"54":{"loc":{"start":{"line":1,"column":5640},"end":{"line":1,"column":5705}},"type":"binary-expr","locations":[{"start":{"line":1,"column":5640},"end":{"line":1,"column":5677}},{"start":{"line":1,"column":5679},"end":{"line":1,"column":5705}}],"line":1},"55":{"loc":{"start":{"line":1,"column":5721},"end":{"line":1,"column":5783}},"type":"if","locations":[{"start":{"line":1,"column":5721},"end":{"line":1,"column":5783}},{"start":{},"end":{}}],"line":1},"56":{"loc":{"start":{"line":1,"column":5845},"end":{"line":1,"column":6593}},"type":"if","locations":[{"start":{"line":1,"column":5845},"end":{"line":1,"column":6593}},{"start":{},"end":{}}],"line":1},"57":{"loc":{"start":{"line":1,"column":5915},"end":{"line":1,"column":5929}},"type":"binary-expr","locations":[{"start":{"line":1,"column":5915},"end":{"line":1,"column":5925}},{"start":{"line":1,"column":5927},"end":{"line":1,"column":5929}}],"line":1},"58":{"loc":{"start":{"line":1,"column":5941},"end":{"line":1,"column":5955}},"type":"binary-expr","locations":[{"start":{"line":1,"column":5941},"end":{"line":1,"column":5951}},{"start":{"line":1,"column":5953},"end":{"line":1,"column":5955}}],"line":1},"59":{"loc":{"start":{"line":1,"column":5962},"end":{"line":1,"column":5970}},"type":"binary-expr","locations":[{"start":{"line":1,"column":5962},"end":{"line":1,"column":5967}},{"start":{"line":1,"column":5969},"end":{"line":1,"column":5970}}],"line":1},"60":{"loc":{"start":{"line":1,"column":5982},"end":{"line":1,"column":5996}},"type":"binary-expr","locations":[{"start":{"line":1,"column":5982},"end":{"line":1,"column":5992}},{"start":{"line":1,"column":5994},"end":{"line":1,"column":5996}}],"line":1},"61":{"loc":{"start":{"line":1,"column":6088},"end":{"line":1,"column":6111}},"type":"binary-expr","locations":[{"start":{"line":1,"column":6088},"end":{"line":1,"column":6100}},{"start":{"line":1,"column":6103},"end":{"line":1,"column":6110}}],"line":1},"62":{"loc":{"start":{"line":1,"column":6356},"end":{"line":1,"column":6426}},"type":"binary-expr","locations":[{"start":{"line":1,"column":6356},"end":{"line":1,"column":6363}},{"start":{"line":1,"column":6365},"end":{"line":1,"column":6426}}],"line":1},"63":{"loc":{"start":{"line":1,"column":6670},"end":{"line":1,"column":6762}},"type":"if","locations":[{"start":{"line":1,"column":6670},"end":{"line":1,"column":6762}},{"start":{"line":1,"column":6749},"end":{"line":1,"column":6762}}],"line":1},"64":{"loc":{"start":{"line":1,"column":6751},"end":{"line":1,"column":6761}},"type":"binary-expr","locations":[{"start":{"line":1,"column":6751},"end":{"line":1,"column":6752}},{"start":{"line":1,"column":6754},"end":{"line":1,"column":6761}}],"line":1},"65":{"loc":{"start":{"line":1,"column":6762},"end":{"line":1,"column":6857}},"type":"if","locations":[{"start":{"line":1,"column":6762},"end":{"line":1,"column":6857}},{"start":{"line":1,"column":6838},"end":{"line":1,"column":6857}}],"line":1},"66":{"loc":{"start":{"line":1,"column":7104},"end":{"line":1,"column":7107}},"type":"default-arg","locations":[{"start":{"line":1,"column":7106},"end":{"line":1,"column":7107}}],"line":1},"67":{"loc":{"start":{"line":1,"column":7111},"end":{"line":1,"column":7136}},"type":"binary-expr","locations":[{"start":{"line":1,"column":7111},"end":{"line":1,"column":7112}},{"start":{"line":1,"column":7114},"end":{"line":1,"column":7124}},{"start":{"line":1,"column":7126},"end":{"line":1,"column":7136}}],"line":1},"68":{"loc":{"start":{"line":1,"column":7433},"end":{"line":1,"column":7489}},"type":"cond-expr","locations":[{"start":{"line":1,"column":7453},"end":{"line":1,"column":7470}},{"start":{"line":1,"column":7471},"end":{"line":1,"column":7489}}],"line":1},"69":{"loc":{"start":{"line":1,"column":7558},"end":{"line":1,"column":7586}},"type":"cond-expr","locations":[{"start":{"line":1,"column":7560},"end":{"line":1,"column":7584}},{"start":{"line":1,"column":7585},"end":{"line":1,"column":7586}}],"line":1},"70":{"loc":{"start":{"line":1,"column":7560},"end":{"line":1,"column":7584}},"type":"binary-expr","locations":[{"start":{"line":1,"column":7560},"end":{"line":1,"column":7571}},{"start":{"line":1,"column":7573},"end":{"line":1,"column":7584}}],"line":1},"71":{"loc":{"start":{"line":1,"column":7587},"end":{"line":1,"column":8044}},"type":"cond-expr","locations":[{"start":{"line":1,"column":8030},"end":{"line":1,"column":8036}},{"start":{"line":1,"column":8037},"end":{"line":1,"column":8044}}],"line":1},"72":{"loc":{"start":{"line":1,"column":7993},"end":{"line":1,"column":8017}},"type":"if","locations":[{"start":{"line":1,"column":7993},"end":{"line":1,"column":8017}},{"start":{},"end":{}}],"line":1},"73":{"loc":{"start":{"line":1,"column":8030},"end":{"line":1,"column":8036}},"type":"binary-expr","locations":[{"start":{"line":1,"column":8030},"end":{"line":1,"column":8031}},{"start":{"line":1,"column":8033},"end":{"line":1,"column":8036}}],"line":1},"74":{"loc":{"start":{"line":1,"column":8037},"end":{"line":1,"column":8044}},"type":"binary-expr","locations":[{"start":{"line":1,"column":8037},"end":{"line":1,"column":8038}},{"start":{"line":1,"column":8040},"end":{"line":1,"column":8044}}],"line":1},"75":{"loc":{"start":{"line":1,"column":8056},"end":{"line":1,"column":8060}},"type":"default-arg","locations":[{"start":{"line":1,"column":8058},"end":{"line":1,"column":8060}}],"line":1},"76":{"loc":{"start":{"line":1,"column":8264},"end":{"line":1,"column":9103}},"type":"if","locations":[{"start":{"line":1,"column":8264},"end":{"line":1,"column":9103}},{"start":{},"end":{}}],"line":1},"77":{"loc":{"start":{"line":1,"column":8314},"end":{"line":1,"column":8318}},"type":"binary-expr","locations":[{"start":{"line":1,"column":8314},"end":{"line":1,"column":8315}},{"start":{"line":1,"column":8317},"end":{"line":1,"column":8318}}],"line":1},"78":{"loc":{"start":{"line":1,"column":8721},"end":{"line":1,"column":8727}},"type":"binary-expr","locations":[{"start":{"line":1,"column":8721},"end":{"line":1,"column":8722}},{"start":{"line":1,"column":8724},"end":{"line":1,"column":8727}}],"line":1},"79":{"loc":{"start":{"line":1,"column":8814},"end":{"line":1,"column":8820}},"type":"binary-expr","locations":[{"start":{"line":1,"column":8814},"end":{"line":1,"column":8815}},{"start":{"line":1,"column":8817},"end":{"line":1,"column":8820}}],"line":1},"80":{"loc":{"start":{"line":1,"column":8906},"end":{"line":1,"column":9089}},"type":"binary-expr","locations":[{"start":{"line":1,"column":8906},"end":{"line":1,"column":8907}},{"start":{"line":1,"column":8909},"end":{"line":1,"column":9089}}],"line":1},"81":{"loc":{"start":{"line":1,"column":9090},"end":{"line":1,"column":9099}},"type":"binary-expr","locations":[{"start":{"line":1,"column":9090},"end":{"line":1,"column":9091}},{"start":{"line":1,"column":9093},"end":{"line":1,"column":9094}},{"start":{"line":1,"column":9096},"end":{"line":1,"column":9099}}],"line":1},"82":{"loc":{"start":{"line":1,"column":9136},"end":{"line":1,"column":9193}},"type":"default-arg","locations":[{"start":{"line":1,"column":9138},"end":{"line":1,"column":9193}}],"line":1},"83":{"loc":{"start":{"line":1,"column":9195},"end":{"line":1,"column":9208}},"type":"if","locations":[{"start":{"line":1,"column":9195},"end":{"line":1,"column":9208}},{"start":{},"end":{}}],"line":1}},"s":{"0":0,"1":0,"2":0,"3":0,"4":0,"5":0,"6":0,"7":0,"8":0,"9":0,"10":0,"11":0,"12":0,"13":0,"14":0,"15":0,"16":0,"17":0,"18":0,"19":0,"20":0,"21":0,"22":0,"23":0,"24":0,"25":0,"26":0,"27":0,"28":0,"29":0,"30":0,"31":0,"32":0,"33":0,"34":0,"35":0,"36":0,"37":0,"38":0,"39":0,"40":0,"41":0,"42":0,"43":0,"44":0,"45":0,"46":0,"47":0,"48":0,"49":0,"50":0,"51":0,"52":0,"53":0,"54":0,"55":0,"56":0,"57":0,"58":0,"59":0,"60":0,"61":0,"62":0,"63":0,"64":0,"65":0,"66":0,"67":0,"68":0,"69":0,"70":0,"71":0,"72":0,"73":0,"74":0,"75":0,"76":0,"77":0,"78":0,"79":0,"80":0,"81":0,"82":0,"83":0,"84":0,"85":0,"86":0,"87":0,"88":0,"89":0,"90":0,"91":0,"92":0,"93":0,"94":0,"95":0,"96":0,"97":0,"98":0,"99":0,"100":0,"101":0,"102":0,"103":0,"104":0,"105":0,"106":0,"107":0,"108":0,"109":0,"110":0,"111":0,"112":0,"113":0,"114":0,"115":0,"116":0,"117":0,"118":0,"119":0,"120":0,"121":0,"122":0,"123":0,"124":0,"125":0,"126":0,"127":0,"128":0,"129":0,"130":0,"131":0,"132":0,"133":0,"134":2,"135":0,"136":0,"137":0,"138":0,"139":0,"140":0,"141":0,"142":0,"143":0,"144":0,"145":0,"146":0,"147":0,"148":0,"149":0,"150":0,"151":0,"152":0,"153":0,"154":0,"155":0,"156":0,"157":0,"158":0,"159":0,"160":0,"161":0,"162":0,"163":0,"164":0,"165":0,"166":0,"167":0,"168":0,"169":0,"170":0,"171":0,"172":0,"173":0,"174":0,"175":0,"176":0,"177":0,"178":0,"179":0,"180":0,"181":0,"182":0,"183":0,"184":0,"185":0,"186":0,"187":0,"188":0,"189":0,"190":0,"191":0,"192":0,"193":0,"194":0,"195":0,"196":0,"197":0,"198":0,"199":0,"200":0,"201":0,"202":0,"203":0,"204":0,"205":0,"206":0,"207":0,"208":0,"209":0,"210":0,"211":0,"212":0,"213":0,"214":0,"215":0,"216":0,"217":2},"f":{"0":0,"1":0,"2":0,"3":0,"4":0,"5":0,"6":0,"7":0,"8":0,"9":0,"10":0,"11":0,"12":0,"13":0,"14":0,"15":0,"16":0,"17":0,"18":0,"19":0,"20":0,"21":0,"22":0,"23":0,"24":0,"25":0,"26":0,"27":0,"28":0,"29":0,"30":0,"31":0,"32":0,"33":0,"34":0,"35":0,"36":0,"37":0,"38":0,"39":0,"40":0,"41":0,"42":0,"43":0,"44":0,"45":0,"46":0,"47":0},"b":{"0":[0],"1":[0,0],"2":[0,0],"3":[0,0],"4":[0,0],"5":[0,0,0],"6":[0,0],"7":[0,0],"8":[0,0],"9":[0,0],"10":[0,0],"11":[0],"12":[0],"13":[0,0],"14":[0,0],"15":[0,0],"16":[0,0],"17":[0,0],"18":[0,0],"19":[0,0],"20":[0,0],"21":[0,0],"22":[0,0],"23":[0,0],"24":[0,0],"25":[0,0],"26":[0,0],"27":[0,0],"28":[0,0],"29":[0,0],"30":[0],"31":[0,0],"32":[0,0],"33":[0,0],"34":[0,0],"35":[0,0],"36":[0,0],"37":[0,0],"38":[0],"39":[0,0],"40":[0,0],"41":[0,0],"42":[0,0],"43":[0,0],"44":[0,0],"45":[0],"46":[0],"47":[0],"48":[0],"49":[0],"50":[0],"51":[0],"52":[0,0],"53":[2,2],"54":[2,2],"55":[0,0],"56":[0,0],"57":[0,0],"58":[0,0],"59":[0,0],"60":[0,0],"61":[0,0],"62":[0,0],"63":[0,0],"64":[0,0],"65":[0,0],"66":[0],"67":[0,0,0],"68":[0,0],"69":[0,0],"70":[0,0],"71":[0,0],"72":[0,0],"73":[0,0],"74":[0,0],"75":[0],"76":[0,0],"77":[0,0],"78":[0,0],"79":[0,0],"80":[0,0],"81":[0,0,0],"82":[0],"83":[0,0]},"_coverageSchema":"1a1c01bbd47fc00a2c39e90264f33305004495a9","hash":"46086c3e78b9f9f962d3e058a4aaacad3825bd9b"}
}
